<frozen importlib._bootstrap>:491: Warning: Numpy built with MINGW-W64 on Windows 64 bits is experimental, and only available for 
testing. You are advised not to use it for production. 

CRASHES ARE TO BE EXPECTED - PLEASE REPORT THEM TO NUMPY DEVELOPERS
======================================================================
EXP 19c v10: Photon emission with A=1 recoil mechanism
======================================================================

  Claim: A=1 requires physical recoil when electron amplitude concentrates
  too much near the nucleus. Renormalization alone is unphysical - momentum
  must be transferred.

  Recoil mechanism:
  - Detect when >20% of electron amplitude is within 2.0 nodes of proton
  - Apply momentum kick pushing electron away from proton
  - Transfer equal/opposite momentum to proton (conservation)
  - Add phase randomization to break electron-proton entanglement
  - Renormalize both sessions to maintain A=1

  This implements the insight that A=1 enforces both probability AND
  momentum conservation through physical recoil effects.

  Parameters:
    OMEGA_E=0.1019  OMEGA_P=1.5708  R1=10.3
    STRENGTH=30.0  GRID=65^3
    TICKS_TOTAL=6000
    EMISSION_RATES=[0.01, 0.05, 0.1, 0.2, 0.5]
    RECOIL_THRESHOLD=0.2  RECOIL_RADIUS=2.0
    RECOIL_STRENGTH=0.2  ENTANGLEMENT_BREAK=0.05

Launching 5 parallel workers...
  rate=0.01  PID=25640  err=C:/dev/dcl/src/experiments/../../data/exp_19c_rate_0_0100.err
  rate=0.05  PID=45948  err=C:/dev/dcl/src/experiments/../../data/exp_19c_rate_0_0500.err
  rate=0.1  PID=39684  err=C:/dev/dcl/src/experiments/../../data/exp_19c_rate_0_1000.err
  rate=0.2  PID=13668  err=C:/dev/dcl/src/experiments/../../data/exp_19c_rate_0_2000.err
  rate=0.5  PID=51100  err=C:/dev/dcl/src/experiments/../../data/exp_19c_rate_0_5000.err

[0s] running=[0.01, 0.05, 0.1, 0.2, 0.5]  done=[]
[30s] running=[0.01, 0.05, 0.1, 0.2, 0.5]  done=[]
[60s] running=[0.01, 0.05, 0.1, 0.2, 0.5]  done=[]
[90s] running=[0.01, 0.05, 0.1, 0.2, 0.5]  done=[]
[120s] running=[0.01, 0.05, 0.1, 0.2, 0.5]  done=[]
[150s] running=[0.01, 0.05, 0.1, 0.2, 0.5]  done=[]
[180s] running=[0.01, 0.05, 0.1, 0.2, 0.5]  done=[]
[210s] running=[0.01, 0.05, 0.1, 0.2, 0.5]  done=[]
[240s] running=[0.01, 0.05, 0.1, 0.2, 0.5]  done=[]
[270s] running=[0.01, 0.05, 0.1, 0.2, 0.5]  done=[]
[300s] running=[0.01, 0.05, 0.1, 0.2, 0.5]  done=[]
[330s] running=[0.01, 0.05, 0.1, 0.2, 0.5]  done=[]
[360s] running=[0.01, 0.05, 0.1, 0.2, 0.5]  done=[]
[390s] running=[0.01, 0.05, 0.1, 0.2, 0.5]  done=[]
[420s] running=[0.01, 0.05, 0.1, 0.2, 0.5]  done=[]
[450s] running=[0.01, 0.05, 0.1, 0.2, 0.5]  done=[]
[480s] running=[0.01, 0.05, 0.1, 0.2, 0.5]  done=[]
[510s] running=[0.01, 0.05, 0.1, 0.2, 0.5]  done=[]
[540s] running=[0.01, 0.05, 0.1, 0.2, 0.5]  done=[]
[570s] running=[0.01, 0.05, 0.1, 0.2, 0.5]  done=[]
[600s] running=[0.01, 0.05, 0.1, 0.2, 0.5]  done=[]
[630s] running=[0.01, 0.05, 0.1, 0.2, 0.5]  done=[]
[660s] running=[0.01, 0.05, 0.1, 0.2, 0.5]  done=[]
[690s] running=[0.01, 0.05, 0.1, 0.2, 0.5]  done=[]
[720s] running=[0.01, 0.05, 0.1, 0.2, 0.5]  done=[]
[750s] running=[0.01, 0.05, 0.1, 0.2, 0.5]  done=[]
[780s] running=[0.01, 0.05, 0.1, 0.2, 0.5]  done=[]
[810s] running=[0.01, 0.05, 0.1, 0.2, 0.5]  done=[]
[840s] running=[0.01, 0.05, 0.1, 0.2, 0.5]  done=[]
[870s] running=[0.01, 0.05, 0.1, 0.2, 0.5]  done=[]
[900s] running=[0.01, 0.05, 0.1, 0.2, 0.5]  done=[]
[930s] running=[0.01, 0.05, 0.1, 0.2, 0.5]  done=[]
[960s] running=[0.01, 0.05, 0.1, 0.2, 0.5]  done=[]
[990s] running=[0.01, 0.05, 0.1, 0.2, 0.5]  done=[]
[1020s] running=[0.01, 0.05, 0.1, 0.2, 0.5]  done=[]
[1050s] running=[0.01, 0.05, 0.1, 0.2, 0.5]  done=[]
[1080s] running=[0.01, 0.05, 0.1, 0.2, 0.5]  done=[]
[1110s] running=[0.01, 0.05, 0.1, 0.2, 0.5]  done=[]
[1140s] running=[0.01, 0.05, 0.1, 0.2, 0.5]  done=[]
[1170s] running=[0.01, 0.05, 0.1, 0.2, 0.5]  done=[]
[1200s] running=[0.01, 0.05, 0.1, 0.2, 0.5]  done=[]
[1230s] running=[0.01, 0.05, 0.1, 0.2, 0.5]  done=[]
[1260s] running=[0.01, 0.05, 0.1, 0.2, 0.5]  done=[]
[1290s] running=[0.01, 0.05, 0.1, 0.2, 0.5]  done=[]
[1320s] running=[0.01, 0.05, 0.1, 0.2, 0.5]  done=[]
[1350s] running=[0.01, 0.05, 0.1, 0.2, 0.5]  done=[]
[1380s] running=[0.01, 0.05, 0.1, 0.2, 0.5]  done=[]
[1410s] running=[0.01, 0.05, 0.1, 0.2, 0.5]  done=[]
[1440s] running=[0.01, 0.05, 0.1, 0.2, 0.5]  done=[]
[1470s] running=[0.01, 0.05, 0.1, 0.2, 0.5]  done=[]
[1500s] running=[0.01, 0.05, 0.1, 0.2, 0.5]  done=[]
[1530s] running=[0.01, 0.05, 0.1, 0.2, 0.5]  done=[]
[1560s] running=[0.01, 0.05, 0.1, 0.2, 0.5]  done=[]
[1590s] running=[0.01, 0.05, 0.1, 0.2, 0.5]  done=[]
[1620s] running=[0.01, 0.05, 0.1, 0.2, 0.5]  done=[]
[1650s] running=[0.01, 0.05, 0.1, 0.2, 0.5]  done=[]
[1680s] running=[0.01, 0.05, 0.1, 0.2, 0.5]  done=[]
[1710s] running=[0.01, 0.05, 0.1, 0.2, 0.5]  done=[]
[1740s] running=[0.01, 0.05, 0.1, 0.2, 0.5]  done=[]
[1770s] running=[0.01, 0.05, 0.1, 0.2, 0.5]  done=[]
[1800s] running=[0.01, 0.05, 0.1, 0.2, 0.5]  done=[]
[1830s] running=[0.01, 0.05, 0.1, 0.2, 0.5]  done=[]
[1860s] running=[0.01, 0.05, 0.1, 0.2, 0.5]  done=[]
[1890s] running=[0.01, 0.05, 0.1, 0.2, 0.5]  done=[]
[1920s] running=[0.01, 0.05, 0.1, 0.2, 0.5]  done=[]
[1950s] running=[0.01, 0.05, 0.1, 0.2, 0.5]  done=[]
[1980s] running=[0.01, 0.05, 0.1, 0.2, 0.5]  done=[]
[2010s] running=[0.01, 0.05, 0.1, 0.2, 0.5]  done=[]
[2040s] running=[0.01, 0.05, 0.1, 0.2, 0.5]  done=[]
[2070s] running=[0.01, 0.05, 0.1, 0.2, 0.5]  done=[]
[2100s] running=[0.01, 0.05, 0.1, 0.2, 0.5]  done=[]
[2130s] running=[0.01, 0.05, 0.1, 0.2, 0.5]  done=[]
[2160s] running=[0.01, 0.05, 0.1, 0.2, 0.5]  done=[]
[2190s] running=[0.01, 0.05, 0.1, 0.2, 0.5]  done=[]
[2220s] running=[0.01, 0.05, 0.1, 0.2, 0.5]  done=[]
[2250s] running=[0.01, 0.05, 0.1, 0.2, 0.5]  done=[]
[2280s] running=[0.01, 0.05, 0.1, 0.2, 0.5]  done=[]
[2310s] running=[0.01, 0.05, 0.1, 0.2, 0.5]  done=[]
[2340s] running=[0.01, 0.05, 0.1, 0.2, 0.5]  done=[]
[2370s] running=[0.01, 0.05, 0.1, 0.2, 0.5]  done=[]
[2400s] running=[0.01, 0.05, 0.1, 0.2, 0.5]  done=[]
[2430s] running=[0.01, 0.05, 0.1, 0.2, 0.5]  done=[]
[2460s] running=[0.01, 0.05, 0.1, 0.2, 0.5]  done=[]
[2490s] running=[0.01, 0.05, 0.1, 0.2, 0.5]  done=[]
[2520s] running=[0.01, 0.05, 0.1, 0.2, 0.5]  done=[]
[2550s] running=[0.01, 0.05, 0.1, 0.2, 0.5]  done=[]
[2580s] running=[0.01, 0.05, 0.1, 0.2, 0.5]  done=[]
[2610s] running=[0.01, 0.05, 0.1, 0.2, 0.5]  done=[]
[2640s] running=[0.01, 0.05, 0.1, 0.2, 0.5]  done=[]
[2670s] running=[0.01, 0.05, 0.1, 0.2, 0.5]  done=[]
[2700s] running=[0.01, 0.05, 0.1, 0.2, 0.5]  done=[]
[2730s] running=[0.01, 0.05, 0.1, 0.2, 0.5]  done=[]
[2760s] running=[0.01, 0.05, 0.1, 0.2, 0.5]  done=[]
[2790s] running=[0.01, 0.05, 0.1, 0.2, 0.5]  done=[]
[2820s] running=[0.01, 0.05, 0.1, 0.2, 0.5]  done=[]
[2850s] running=[0.01, 0.05, 0.1, 0.2, 0.5]  done=[]
[2880s] running=[0.01, 0.05, 0.1, 0.2, 0.5]  done=[]
[2910s] running=[0.01, 0.05, 0.1, 0.2, 0.5]  done=[]
[2940s] running=[0.01, 0.05, 0.1, 0.2, 0.5]  done=[]
[2970s] running=[0.01, 0.05, 0.1, 0.2, 0.5]  done=[]
[3000s] running=[0.01, 0.05, 0.1, 0.2, 0.5]  done=[]
[3030s] running=[0.01, 0.05, 0.1, 0.2, 0.5]  done=[]
[3060s] running=[0.01, 0.05, 0.1, 0.2, 0.5]  done=[]
[3090s] running=[0.01, 0.05, 0.1, 0.2, 0.5]  done=[]
[3120s] running=[0.01, 0.05, 0.1, 0.2, 0.5]  done=[]
[3150s] running=[0.01, 0.05, 0.1, 0.2, 0.5]  done=[]
[3180s] running=[0.01, 0.05, 0.1, 0.2, 0.5]  done=[]
[3210s] running=[0.01, 0.05, 0.1, 0.2, 0.5]  done=[]
[3240s] running=[0.01, 0.05, 0.1, 0.2, 0.5]  done=[]
[3270s] running=[0.01, 0.05, 0.1, 0.2, 0.5]  done=[]
[3300s] running=[0.01, 0.05, 0.1, 0.2, 0.5]  done=[]
[3330s] running=[0.01, 0.05, 0.1, 0.2, 0.5]  done=[]
[3360s] running=[0.01, 0.05, 0.1, 0.2, 0.5]  done=[]
[3390s] running=[0.01, 0.05, 0.1, 0.2, 0.5]  done=[]
[3420s] running=[0.01, 0.05, 0.1, 0.2, 0.5]  done=[]
[3450s] running=[0.01, 0.05, 0.1, 0.2, 0.5]  done=[]
[3480s] running=[0.01, 0.05, 0.1, 0.2, 0.5]  done=[]
[3510s] running=[0.01, 0.05, 0.1, 0.2, 0.5]  done=[]
[3540s] running=[0.01, 0.05, 0.1, 0.2, 0.5]  done=[]
[3570s] running=[0.01, 0.05, 0.1, 0.2, 0.5]  done=[]
[3600s] running=[0.01, 0.05, 0.1, 0.2, 0.5]  done=[]
[3630s] running=[0.01, 0.05, 0.1, 0.2, 0.5]  done=[]
[3660s] running=[0.01, 0.05, 0.1, 0.2, 0.5]  done=[]
[3690s] running=[0.01, 0.05, 0.1, 0.2, 0.5]  done=[]
[3720s] running=[0.01, 0.05, 0.1, 0.2, 0.5]  done=[]
[3750s] running=[0.01, 0.05, 0.1, 0.2, 0.5]  done=[]
[3780s] running=[0.01, 0.05, 0.1, 0.2, 0.5]  done=[]
[3810s] running=[0.01, 0.05, 0.1, 0.2, 0.5]  done=[]
[3840s] running=[0.01, 0.05, 0.1, 0.2, 0.5]  done=[]
[3870s] running=[0.01, 0.05, 0.1, 0.2, 0.5]  done=[]
[3900s] running=[0.01, 0.05, 0.1, 0.2, 0.5]  done=[]
[3930s] running=[0.01, 0.05, 0.1, 0.2, 0.5]  done=[]
[3960s] running=[0.01, 0.05, 0.1, 0.2, 0.5]  done=[]
[3990s] running=[0.01, 0.05, 0.1, 0.2, 0.5]  done=[]
[4020s] running=[0.01, 0.05, 0.1, 0.2, 0.5]  done=[]
[4050s] running=[0.01, 0.05, 0.1, 0.2, 0.5]  done=[]
[4080s] running=[0.01, 0.05, 0.1, 0.2, 0.5]  done=[]
[4110s] running=[0.01, 0.05, 0.1, 0.2, 0.5]  done=[]
[4140s] running=[0.01, 0.05, 0.1, 0.2, 0.5]  done=[]
[4170s] running=[0.01, 0.05, 0.1, 0.2, 0.5]  done=[]
[4200s] running=[0.01, 0.05, 0.1, 0.2, 0.5]  done=[]
[4230s] running=[0.01, 0.05, 0.1, 0.2, 0.5]  done=[]
[4260s] running=[0.01, 0.05, 0.1, 0.2, 0.5]  done=[]
[4290s] running=[0.01, 0.05, 0.1, 0.2, 0.5]  done=[]
[4320s] running=[0.01, 0.05, 0.1, 0.2, 0.5]  done=[]
[4350s] running=[0.01, 0.05, 0.1, 0.2, 0.5]  done=[]
[4380s] running=[0.01, 0.05, 0.1, 0.2, 0.5]  done=[]
[4410s] running=[0.01, 0.05, 0.1, 0.2, 0.5]  done=[]
[4440s] running=[0.01, 0.05, 0.1, 0.2, 0.5]  done=[]
[4470s] running=[0.01, 0.05, 0.1, 0.2, 0.5]  done=[]
[4500s] running=[0.01, 0.05, 0.1, 0.2, 0.5]  done=[]
[4530s] running=[0.01, 0.05, 0.1, 0.2, 0.5]  done=[]
[4560s] running=[0.01, 0.05, 0.1, 0.2, 0.5]  done=[]
[4590s] running=[0.01, 0.05, 0.1, 0.2, 0.5]  done=[]
[4620s] running=[0.01, 0.05, 0.1, 0.2, 0.5]  done=[]
[4650s] running=[0.01, 0.05, 0.1, 0.2, 0.5]  done=[]
[4680s] running=[0.01, 0.05, 0.1, 0.2, 0.5]  done=[]
[4710s] running=[0.01, 0.05, 0.1, 0.2, 0.5]  done=[]
[4740s] running=[0.01, 0.05, 0.1, 0.2, 0.5]  done=[]
[4770s] running=[0.01, 0.05, 0.1, 0.2, 0.5]  done=[]
[4800s] running=[0.01, 0.05, 0.1, 0.2, 0.5]  done=[]
[4830s] running=[0.01, 0.05, 0.1, 0.2, 0.5]  done=[]
[4860s] running=[0.01, 0.05, 0.1, 0.2, 0.5]  done=[]
[4890s] running=[0.01, 0.05, 0.1, 0.2, 0.5]  done=[]
[4920s] running=[0.01, 0.05, 0.1, 0.2, 0.5]  done=[]
[4950s] running=[0.01, 0.05, 0.1, 0.2, 0.5]  done=[]
[4980s] running=[0.01, 0.05, 0.1, 0.2, 0.5]  done=[]
[5010s] running=[0.01, 0.05, 0.1, 0.2, 0.5]  done=[]
[5040s] running=[0.01, 0.05, 0.1, 0.2, 0.5]  done=[]
[5070s] running=[0.01, 0.05, 0.1, 0.2, 0.5]  done=[]
[5100s] running=[0.01, 0.05, 0.1, 0.2, 0.5]  done=[]
[5130s] running=[0.01, 0.05, 0.1, 0.2, 0.5]  done=[]
[5160s] running=[0.01, 0.05, 0.1, 0.2, 0.5]  done=[]
[5190s] running=[0.01, 0.05, 0.1, 0.2, 0.5]  done=[]
[5220s] running=[0.01, 0.05, 0.1, 0.2, 0.5]  done=[]
[5250s] running=[0.01, 0.05, 0.1, 0.2, 0.5]  done=[]
[5280s] running=[0.01, 0.05, 0.1, 0.2, 0.5]  done=[]
[5310s] running=[0.01, 0.05, 0.1, 0.2, 0.5]  done=[]
[5340s] running=[0.01, 0.05, 0.1, 0.2, 0.5]  done=[]
[5370s] running=[0.01, 0.05, 0.1, 0.2, 0.5]  done=[]
[5400s] running=[0.01, 0.05, 0.1, 0.2, 0.5]  done=[]
[5430s] running=[0.01, 0.05, 0.1, 0.2, 0.5]  done=[]
[5460s] running=[0.01, 0.05, 0.1, 0.2, 0.5]  done=[]
[5490s] running=[0.01, 0.05, 0.1, 0.2, 0.5]  done=[]
[5520s] running=[0.01, 0.05, 0.1, 0.2, 0.5]  done=[]
[5550s] running=[0.01, 0.05, 0.1, 0.2, 0.5]  done=[]
[5580s] running=[0.01, 0.05, 0.1, 0.2, 0.5]  done=[]
[5610s] running=[0.01, 0.05, 0.1, 0.2, 0.5]  done=[]
[5640s] running=[0.01, 0.05, 0.1, 0.2, 0.5]  done=[]
[5670s] running=[0.01, 0.05, 0.1, 0.2, 0.5]  done=[]
[5700s] running=[0.01, 0.05, 0.1, 0.2, 0.5]  done=[]
[5730s] running=[0.01, 0.05, 0.1, 0.2, 0.5]  done=[]
[5760s] running=[0.01, 0.05, 0.1, 0.2, 0.5]  done=[]
[5790s] running=[0.01, 0.05, 0.1, 0.2, 0.5]  done=[]
[5820s] running=[0.01, 0.05, 0.1, 0.2, 0.5]  done=[]
[5850s] running=[0.01, 0.05, 0.1, 0.2, 0.5]  done=[]
[5880s] running=[0.01, 0.05, 0.1, 0.2, 0.5]  done=[]
[5910s] running=[0.01, 0.05, 0.1, 0.2, 0.5]  done=[]
[5940s] running=[0.01, 0.05, 0.1, 0.2, 0.5]  done=[]
[5970s] running=[0.01, 0.05, 0.1, 0.2, 0.5]  done=[]
[6000s] running=[0.01, 0.05, 0.1, 0.2, 0.5]  done=[]
[6030s] running=[0.01, 0.05, 0.1, 0.2, 0.5]  done=[]
[6060s] running=[0.01, 0.05, 0.1, 0.2, 0.5]  done=[]
[6090s] running=[0.01, 0.05, 0.1, 0.2, 0.5]  done=[]
[6120s] running=[0.01, 0.05, 0.1, 0.2, 0.5]  done=[]
[6150s] running=[0.01, 0.05, 0.1, 0.2, 0.5]  done=[]
[6180s] running=[0.01, 0.05, 0.1, 0.2, 0.5]  done=[]
[6210s] running=[0.01, 0.05, 0.1, 0.2, 0.5]  done=[]
[6240s] running=[0.01, 0.05, 0.1, 0.2, 0.5]  done=[]
[6270s] running=[0.01, 0.05, 0.1, 0.2, 0.5]  done=[]
[6300s] running=[0.01, 0.05, 0.1, 0.2, 0.5]  done=[]
[6330s] running=[0.01, 0.05, 0.1, 0.2, 0.5]  done=[]
[6360s] running=[0.01, 0.05, 0.1, 0.2, 0.5]  done=[]
[6390s] running=[0.01, 0.05, 0.1, 0.2, 0.5]  done=[]
[6420s] running=[0.01, 0.05, 0.1, 0.2, 0.5]  done=[]
[6450s] running=[0.01, 0.05, 0.1, 0.2, 0.5]  done=[]
[6480s] running=[0.01, 0.05, 0.1, 0.2, 0.5]  done=[]
[6510s] running=[0.01, 0.05, 0.1, 0.2, 0.5]  done=[]
[6540s] running=[0.01, 0.05, 0.1, 0.2, 0.5]  done=[]
[6570s] running=[0.01, 0.05, 0.1, 0.2, 0.5]  done=[]
[6600s] running=[0.01, 0.05, 0.1, 0.2, 0.5]  done=[]
[6630s] running=[0.01, 0.05, 0.1, 0.2, 0.5]  done=[]
[6660s] running=[0.01, 0.05, 0.1, 0.2, 0.5]  done=[]
[6690s] running=[0.01, 0.05, 0.1, 0.2, 0.5]  done=[]
[6720s] running=[0.01, 0.05, 0.1, 0.2, 0.5]  done=[]
[6750s] running=[0.01, 0.05, 0.1, 0.2, 0.5]  done=[]
[6780s] running=[0.01, 0.05, 0.1, 0.2, 0.5]  done=[]
[6810s] running=[0.01, 0.05, 0.1, 0.2, 0.5]  done=[]
[6840s] running=[0.01, 0.05, 0.1, 0.2, 0.5]  done=[]
[6870s] running=[0.01, 0.05, 0.1, 0.2, 0.5]  done=[]
[6900s] running=[0.01, 0.05, 0.1, 0.2, 0.5]  done=[]
[6930s] running=[0.01, 0.05, 0.1, 0.2, 0.5]  done=[]
[6960s] running=[0.01, 0.05, 0.1, 0.2, 0.5]  done=[]
[6990s] running=[0.01, 0.05, 0.1, 0.2, 0.5]  done=[]
[7020s] running=[0.01, 0.05, 0.1, 0.2, 0.5]  done=[]
[7050s] running=[0.01, 0.05, 0.1, 0.2, 0.5]  done=[]
[7080s] running=[0.01, 0.05, 0.1, 0.2, 0.5]  done=[]
[7110s] running=[0.01, 0.05, 0.1, 0.2, 0.5]  done=[]
[7140s] running=[0.01, 0.05, 0.1, 0.2, 0.5]  done=[]
[7170s] running=[0.01, 0.05, 0.1, 0.2, 0.5]  done=[]
[7200s] running=[0.01, 0.05, 0.1, 0.2, 0.5]  done=[]
[7230s] running=[0.01, 0.05, 0.1, 0.2, 0.5]  done=[]
[7260s] running=[0.01, 0.05, 0.1, 0.2, 0.5]  done=[]
[7290s] running=[0.01, 0.05, 0.1, 0.2, 0.5]  done=[]
[7320s] running=[0.01, 0.05, 0.1, 0.2, 0.5]  done=[]
[7350s] running=[0.01, 0.05, 0.1, 0.2, 0.5]  done=[]
[7380s] running=[0.01, 0.05, 0.1, 0.2, 0.5]  done=[]
[7410s] running=[0.01, 0.05, 0.1, 0.2, 0.5]  done=[]
[7440s] running=[0.01, 0.05, 0.1, 0.2, 0.5]  done=[]
[7470s] running=[0.01, 0.05, 0.1, 0.2, 0.5]  done=[]
[7500s] running=[0.01, 0.05, 0.1, 0.2, 0.5]  done=[]
[7530s] running=[0.01, 0.05, 0.1, 0.2, 0.5]  done=[]
[7560s] running=[0.01, 0.05, 0.1, 0.2, 0.5]  done=[]
[7590s] running=[0.01, 0.05, 0.1, 0.2, 0.5]  done=[]
[7620s] running=[0.01, 0.05, 0.1, 0.2, 0.5]  done=[]
[7650s] running=[0.01, 0.05, 0.1, 0.2, 0.5]  done=[]
[7680s] running=[0.01, 0.05, 0.1, 0.2, 0.5]  done=[]
[7710s] running=[0.01, 0.05, 0.1, 0.2, 0.5]  done=[]
[7740s] running=[0.01, 0.05, 0.1, 0.2, 0.5]  done=[]
[7770s] running=[0.01, 0.05, 0.1, 0.2, 0.5]  done=[]
[7800s] running=[0.01, 0.05, 0.1, 0.2, 0.5]  done=[]
[7830s] running=[0.01, 0.05, 0.1, 0.2, 0.5]  done=[]
[7860s] running=[0.01, 0.05, 0.1, 0.2, 0.5]  done=[]
[7890s] running=[0.01, 0.05, 0.1, 0.2, 0.5]  done=[]
[7920s] running=[0.01, 0.05, 0.1, 0.2, 0.5]  done=[]
[7950s] running=[0.01, 0.05, 0.1, 0.2, 0.5]  done=[]
[7980s] running=[0.01, 0.05, 0.1, 0.2, 0.5]  done=[]
[8010s] running=[0.01, 0.05, 0.1, 0.2, 0.5]  done=[]
[8040s] running=[0.01, 0.05, 0.1, 0.2, 0.5]  done=[]
[8070s] running=[0.01, 0.05, 0.1, 0.2, 0.5]  done=[]
[8100s] running=[0.01, 0.05, 0.1, 0.2, 0.5]  done=[]
[8130s] running=[0.01, 0.05, 0.1, 0.2, 0.5]  done=[]
[8160s] running=[0.01, 0.05, 0.1, 0.2, 0.5]  done=[]
[8190s] running=[0.01, 0.05, 0.1, 0.2, 0.5]  done=[]
[8221s] running=[0.01, 0.05, 0.1, 0.2, 0.5]  done=[]
[8251s] running=[0.01, 0.05, 0.1, 0.2, 0.5]  done=[]
[8281s] running=[0.01, 0.05, 0.1, 0.2, 0.5]  done=[]
[8311s] running=[0.01, 0.05, 0.1, 0.2, 0.5]  done=[]
[8341s] running=[0.01, 0.05, 0.1, 0.2, 0.5]  done=[]
[8371s] running=[0.01, 0.05, 0.1, 0.2, 0.5]  done=[]
[8401s] running=[0.01, 0.05, 0.1, 0.2, 0.5]  done=[]
[8431s] running=[0.01, 0.05, 0.1, 0.2, 0.5]  done=[]
[8461s] running=[0.01, 0.05, 0.1, 0.2, 0.5]  done=[]
[8491s] running=[0.01, 0.05, 0.1, 0.2, 0.5]  done=[]
[8521s] running=[0.01, 0.05, 0.1, 0.2, 0.5]  done=[]
[8551s] running=[0.01, 0.05, 0.1, 0.2, 0.5]  done=[]
[8581s] running=[0.01, 0.05, 0.1, 0.2, 0.5]  done=[]
[8611s] running=[0.01, 0.05, 0.1, 0.2, 0.5]  done=[]
[8641s] running=[0.01, 0.05, 0.1, 0.2, 0.5]  done=[]
[8671s] running=[0.01, 0.05, 0.1, 0.2, 0.5]  done=[]
[8701s] running=[0.01, 0.05, 0.1, 0.2, 0.5]  done=[]
[8731s] running=[0.01, 0.05, 0.1, 0.2, 0.5]  done=[]
[8761s] running=[0.01, 0.05, 0.1, 0.2, 0.5]  done=[]
[8791s] running=[0.01, 0.05, 0.1, 0.2, 0.5]  done=[]
[8821s] running=[0.01, 0.05, 0.1, 0.2, 0.5]  done=[]
[8851s] running=[0.01, 0.05, 0.1, 0.2, 0.5]  done=[]
[8881s] running=[0.01, 0.05, 0.1, 0.2, 0.5]  done=[]
[8911s] running=[0.01, 0.05, 0.1, 0.2, 0.5]  done=[]
[8941s] running=[0.01, 0.05, 0.1, 0.2, 0.5]  done=[]
[8971s] running=[0.01, 0.05, 0.1, 0.2, 0.5]  done=[]
[9001s] running=[0.01, 0.05, 0.1, 0.2, 0.5]  done=[]
[9031s] running=[0.01, 0.05, 0.1, 0.2, 0.5]  done=[]
[9061s] running=[0.01, 0.05, 0.1, 0.2, 0.5]  done=[]
[9091s] running=[0.01, 0.05, 0.1, 0.2, 0.5]  done=[]
[9121s] running=[0.01, 0.05, 0.1, 0.2, 0.5]  done=[]
[9151s] running=[0.01, 0.05, 0.1, 0.2, 0.5]  done=[]
[9181s] running=[0.01, 0.05, 0.1, 0.2, 0.5]  done=[]
[9211s] running=[0.01, 0.05, 0.1, 0.2, 0.5]  done=[]
[9241s] running=[0.01, 0.05, 0.1, 0.2, 0.5]  done=[]
[9271s] running=[0.01, 0.05, 0.1, 0.2, 0.5]  done=[]
[9301s] running=[0.01, 0.05, 0.1, 0.2, 0.5]  done=[]
[9331s] running=[0.01, 0.05, 0.1, 0.2, 0.5]  done=[]
[9361s] running=[0.01, 0.05, 0.1, 0.2, 0.5]  done=[]
[9391s] running=[0.01, 0.05, 0.1, 0.2, 0.5]  done=[]
[9421s] running=[0.01, 0.05, 0.1, 0.2, 0.5]  done=[]
[9451s] running=[0.01, 0.05, 0.1, 0.2, 0.5]  done=[]
[9481s] running=[0.01, 0.05, 0.1, 0.2, 0.5]  done=[]
[9511s] running=[0.01, 0.05, 0.1, 0.2, 0.5]  done=[]
[9541s] running=[0.01, 0.05, 0.1, 0.2, 0.5]  done=[]
[9571s] running=[0.01, 0.05, 0.1, 0.2, 0.5]  done=[]
[9601s] running=[0.01, 0.05, 0.1, 0.2, 0.5]  done=[]
[9631s] running=[0.01, 0.05, 0.1, 0.2, 0.5]  done=[]
[9661s] running=[0.01, 0.05, 0.1, 0.2, 0.5]  done=[]
[9691s] running=[0.01, 0.05, 0.1, 0.2, 0.5]  done=[]
[9721s] running=[0.01, 0.05, 0.1, 0.2, 0.5]  done=[]
[9751s] running=[0.01, 0.05, 0.1, 0.2, 0.5]  done=[]
[9781s] running=[0.01, 0.05, 0.1, 0.2, 0.5]  done=[]
[9811s] running=[0.01, 0.05, 0.1, 0.2, 0.5]  done=[]
[9841s] running=[0.01, 0.05, 0.1, 0.2, 0.5]  done=[]
[9871s] running=[0.01, 0.05, 0.1, 0.2, 0.5]  done=[]
[9901s] running=[0.01, 0.05, 0.1, 0.2, 0.5]  done=[]
[9931s] running=[0.01, 0.05, 0.1, 0.2, 0.5]  done=[]
[9961s] running=[0.01, 0.05, 0.1, 0.2, 0.5]  done=[]
[9991s] running=[0.01, 0.05, 0.1, 0.2, 0.5]  done=[]
[10021s] running=[0.01, 0.05, 0.1, 0.2, 0.5]  done=[]
[10051s] running=[0.01, 0.05, 0.1, 0.2, 0.5]  done=[]
[10081s] running=[0.01, 0.05, 0.1, 0.2, 0.5]  done=[]
[10111s] running=[0.01, 0.05, 0.1, 0.2, 0.5]  done=[]
[10141s] running=[0.01, 0.05, 0.1, 0.2, 0.5]  done=[]
[10171s] running=[0.01, 0.05, 0.1, 0.2, 0.5]  done=[]
[10201s] running=[0.01, 0.05, 0.1, 0.2, 0.5]  done=[]
[10231s] running=[0.01, 0.05, 0.1, 0.2, 0.5]  done=[]
[10261s] running=[0.01, 0.05, 0.1, 0.2, 0.5]  done=[]
[10291s] running=[0.01, 0.05, 0.1, 0.2, 0.5]  done=[]
[10321s] running=[0.01, 0.05, 0.1, 0.2, 0.5]  done=[]
[10351s] running=[0.01, 0.05, 0.1, 0.2, 0.5]  done=[]
[10381s] running=[0.01, 0.05, 0.1, 0.2, 0.5]  done=[]
[10411s] running=[0.01, 0.05, 0.1, 0.2, 0.5]  done=[]
[10441s] running=[0.01, 0.05, 0.1, 0.2, 0.5]  done=[]
[10471s] running=[0.01, 0.05, 0.1, 0.2, 0.5]  done=[]
[10501s] running=[0.01, 0.05, 0.1, 0.2, 0.5]  done=[]
[10531s] running=[0.01, 0.05, 0.1, 0.2, 0.5]  done=[]
[10561s] running=[0.01, 0.05, 0.1, 0.2, 0.5]  done=[]
[10591s] running=[0.01, 0.05, 0.1, 0.2, 0.5]  done=[]
[10621s] running=[0.01, 0.05, 0.1, 0.2, 0.5]  done=[]
[10651s] running=[0.01, 0.05, 0.1, 0.2, 0.5]  done=[]
[10681s] running=[0.01, 0.05, 0.1, 0.2, 0.5]  done=[]
[10711s] running=[0.01, 0.05, 0.1, 0.2, 0.5]  done=[]
[10741s] running=[0.01, 0.05, 0.1, 0.2, 0.5]  done=[]
[10771s] running=[0.01, 0.05, 0.1, 0.2, 0.5]  done=[]
[10801s] running=[0.01, 0.05, 0.1, 0.2, 0.5]  done=[]
[10831s] running=[0.01, 0.05, 0.1, 0.2, 0.5]  done=[]
[10861s] running=[0.01, 0.05, 0.1, 0.2, 0.5]  done=[]
[10891s] running=[0.01, 0.05, 0.1, 0.2, 0.5]  done=[]
[10921s] running=[0.01, 0.05, 0.1, 0.2, 0.5]  done=[]
[10951s] running=[0.01, 0.05, 0.1, 0.2, 0.5]  done=[]
[10981s] running=[0.01, 0.05, 0.1, 0.2, 0.5]  done=[]
[11011s] running=[0.01, 0.05, 0.1, 0.2, 0.5]  done=[]
[11041s] running=[0.01, 0.05, 0.1, 0.2, 0.5]  done=[]
[11071s] running=[0.01, 0.05, 0.1, 0.2, 0.5]  done=[]
[11101s] running=[0.01, 0.05, 0.1, 0.2, 0.5]  done=[]
[11131s] running=[0.01, 0.05, 0.1, 0.2, 0.5]  done=[]
[11161s] running=[0.01, 0.05, 0.1, 0.2, 0.5]  done=[]
[11191s] running=[0.01, 0.05, 0.1, 0.2, 0.5]  done=[]
[11221s] running=[0.01, 0.05, 0.1, 0.2, 0.5]  done=[]
[11251s] running=[0.01, 0.05, 0.1, 0.2, 0.5]  done=[]
[11281s] running=[0.01, 0.05, 0.1, 0.2, 0.5]  done=[]
[11311s] running=[0.01, 0.05, 0.1, 0.2, 0.5]  done=[]
[11341s] running=[0.01, 0.05, 0.1, 0.2, 0.5]  done=[]
[11371s] running=[0.01, 0.05, 0.1, 0.2, 0.5]  done=[]
[11401s] running=[0.01, 0.05, 0.1, 0.2, 0.5]  done=[]
[11431s] running=[0.01, 0.05, 0.1, 0.2, 0.5]  done=[]
[11461s] running=[0.01, 0.05, 0.1, 0.2, 0.5]  done=[]
[11491s] running=[0.01, 0.05, 0.1, 0.2, 0.5]  done=[]
[11521s] running=[0.01, 0.05, 0.1, 0.2, 0.5]  done=[]
[11551s] running=[0.01, 0.05, 0.1, 0.2, 0.5]  done=[]
[11581s] running=[0.01, 0.05, 0.1, 0.2, 0.5]  done=[]
[11611s] running=[0.01, 0.05, 0.1, 0.2, 0.5]  done=[]
[11641s] running=[0.01, 0.05, 0.1, 0.2, 0.5]  done=[]
[11671s] running=[0.01, 0.05, 0.1, 0.2, 0.5]  done=[]
[11701s] running=[0.01, 0.05, 0.1, 0.2, 0.5]  done=[]
[11731s] running=[0.01, 0.05, 0.1, 0.2, 0.5]  done=[]
[11761s] running=[0.01, 0.05, 0.1, 0.2, 0.5]  done=[]
[11791s] running=[0.01, 0.05, 0.1, 0.2, 0.5]  done=[]
[11821s] running=[0.01, 0.05, 0.1, 0.2, 0.5]  done=[]
[11851s] running=[0.01, 0.05, 0.1, 0.2, 0.5]  done=[]
[11881s] running=[0.01, 0.05, 0.1, 0.2, 0.5]  done=[]
[11911s] running=[0.01, 0.05, 0.1, 0.2, 0.5]  done=[]
[11941s] running=[0.01, 0.05, 0.1, 0.2, 0.5]  done=[]
[11971s] running=[0.01, 0.05, 0.1, 0.2, 0.5]  done=[]
[12001s] running=[0.01, 0.05, 0.1, 0.2, 0.5]  done=[]
[12031s] running=[0.01, 0.05, 0.1, 0.2, 0.5]  done=[]
[12061s] running=[0.01, 0.05, 0.1, 0.2, 0.5]  done=[]
[12091s] running=[0.01, 0.05, 0.1, 0.2, 0.5]  done=[]
[12121s] running=[0.01, 0.05, 0.1, 0.2, 0.5]  done=[]
[12151s] running=[0.01, 0.05, 0.1, 0.2, 0.5]  done=[]
[12181s] running=[0.01, 0.05, 0.1, 0.2, 0.5]  done=[]
[12211s] running=[0.01, 0.05, 0.1, 0.2, 0.5]  done=[]
[12241s] running=[0.01, 0.05, 0.1, 0.2, 0.5]  done=[]
[12271s] running=[0.01, 0.05, 0.1, 0.2, 0.5]  done=[]
[12301s] running=[0.01, 0.05, 0.1, 0.2, 0.5]  done=[]
[12331s] running=[0.01, 0.05, 0.1, 0.2, 0.5]  done=[]
[12361s] running=[0.01, 0.05, 0.1, 0.2, 0.5]  done=[]
[12391s] running=[0.01, 0.05, 0.1, 0.2, 0.5]  done=[]
[12421s] running=[0.01, 0.05, 0.1, 0.2, 0.5]  done=[]
[12451s] running=[0.01, 0.05, 0.1, 0.2, 0.5]  done=[]
[12481s] running=[0.01, 0.05, 0.1, 0.2, 0.5]  done=[]
[12511s] running=[0.01, 0.05, 0.1, 0.2, 0.5]  done=[]
[12541s] running=[0.01, 0.05, 0.1, 0.2, 0.5]  done=[]
[12571s] running=[0.01, 0.05, 0.1, 0.2, 0.5]  done=[]
[12601s] running=[0.01, 0.05, 0.1, 0.2, 0.5]  done=[]
[12631s] running=[0.01, 0.05, 0.1, 0.2, 0.5]  done=[]
[12661s] running=[0.01, 0.05, 0.1, 0.2, 0.5]  done=[]
[12691s] running=[0.01, 0.05, 0.1, 0.2, 0.5]  done=[]
[12721s] running=[0.01, 0.05, 0.1, 0.2, 0.5]  done=[]
[12751s] running=[0.01, 0.05, 0.1, 0.2, 0.5]  done=[]
[12781s] running=[0.01, 0.05, 0.1, 0.2, 0.5]  done=[]
[12811s] running=[0.01, 0.05, 0.1, 0.2, 0.5]  done=[]
[12841s] running=[0.01, 0.05, 0.1, 0.2, 0.5]  done=[]
[12871s] running=[0.01, 0.05, 0.1, 0.2, 0.5]  done=[]
[12901s] running=[0.01, 0.05, 0.1, 0.2, 0.5]  done=[]
[12931s] running=[0.01, 0.05, 0.1, 0.2, 0.5]  done=[]
[12961s] running=[0.01, 0.05, 0.1, 0.2, 0.5]  done=[]
[12991s] running=[0.01, 0.05, 0.1, 0.2, 0.5]  done=[]
[13021s] running=[0.01, 0.05, 0.1, 0.2, 0.5]  done=[]
[13051s] running=[0.01, 0.05, 0.1, 0.2, 0.5]  done=[]
[13081s] running=[0.01, 0.05, 0.1, 0.2, 0.5]  done=[]
[13111s] running=[0.01, 0.05, 0.1, 0.2, 0.5]  done=[]
[13141s] running=[0.01, 0.05, 0.1, 0.2, 0.5]  done=[]
[13171s] running=[0.01, 0.05, 0.1, 0.2, 0.5]  done=[]
[13201s] running=[0.01, 0.05, 0.1, 0.2, 0.5]  done=[]
[13231s] running=[0.01, 0.05, 0.1, 0.2, 0.5]  done=[]
[13261s] running=[0.01, 0.05, 0.1, 0.2, 0.5]  done=[]
[13291s] running=[0.01, 0.05, 0.1, 0.2, 0.5]  done=[]
[13321s] running=[0.01, 0.05, 0.1, 0.2, 0.5]  done=[]
[13351s] running=[0.01, 0.05, 0.1, 0.2, 0.5]  done=[]
[13381s] running=[0.01, 0.05, 0.1, 0.2, 0.5]  done=[]
[13411s] running=[0.01, 0.05, 0.1, 0.2, 0.5]  done=[]
[13441s] running=[0.01, 0.05, 0.1, 0.2, 0.5]  done=[]
[13471s] running=[0.01, 0.05, 0.1, 0.2, 0.5]  done=[]
[13501s] running=[0.01, 0.05, 0.1, 0.2, 0.5]  done=[]
[13531s] running=[0.01, 0.05, 0.1, 0.2, 0.5]  done=[]
[13561s] running=[0.01, 0.05, 0.1, 0.2, 0.5]  done=[]
[13591s] running=[0.01, 0.05, 0.1, 0.2, 0.5]  done=[]
[13621s] running=[0.01, 0.05, 0.1, 0.2, 0.5]  done=[]
[13651s] running=[0.01, 0.05, 0.1, 0.2, 0.5]  done=[]
[13681s] running=[0.01, 0.05, 0.1, 0.2, 0.5]  done=[]
[13711s] running=[0.01, 0.05, 0.1, 0.2, 0.5]  done=[]
[13741s] running=[0.01, 0.05, 0.1, 0.2, 0.5]  done=[]
[13771s] running=[0.01, 0.05, 0.1, 0.2, 0.5]  done=[]
[13801s] running=[0.01, 0.05, 0.1, 0.2, 0.5]  done=[]
[13831s] running=[0.01, 0.05, 0.1, 0.2, 0.5]  done=[]
[13861s] running=[0.01, 0.05, 0.1, 0.2, 0.5]  done=[]
[13891s] running=[0.01, 0.05, 0.1, 0.2, 0.5]  done=[]
[13921s] running=[0.01, 0.05, 0.1, 0.2, 0.5]  done=[]
[13951s] running=[0.01, 0.05, 0.1, 0.2, 0.5]  done=[]
[13981s] running=[0.01, 0.05, 0.1, 0.2, 0.5]  done=[]
[14011s] running=[0.01, 0.05, 0.1, 0.2, 0.5]  done=[]
[14041s] running=[0.01, 0.05, 0.1, 0.2, 0.5]  done=[]
[14071s] running=[0.01, 0.05, 0.1, 0.2, 0.5]  done=[]
[14101s] running=[0.01, 0.05, 0.1, 0.2, 0.5]  done=[]
[14131s] running=[0.01, 0.05, 0.1, 0.2, 0.5]  done=[]
[14161s] running=[0.01, 0.05, 0.1, 0.2, 0.5]  done=[]
[14191s] running=[0.01, 0.05, 0.1, 0.2, 0.5]  done=[]
[14221s] running=[0.01, 0.05, 0.1, 0.2, 0.5]  done=[]
[14251s] running=[0.01, 0.05, 0.1, 0.2, 0.5]  done=[]
[14281s] running=[0.01, 0.05, 0.1, 0.2, 0.5]  done=[]
[14311s] running=[0.01, 0.05, 0.1, 0.2, 0.5]  done=[]
[14341s] running=[0.01, 0.05, 0.1, 0.2, 0.5]  done=[]
[14371s] running=[0.01, 0.05, 0.1, 0.2, 0.5]  done=[]
[14401s] running=[0.01, 0.05, 0.1, 0.2, 0.5]  done=[]
[14431s] running=[0.01, 0.05, 0.1, 0.2, 0.5]  done=[]
[14461s] running=[0.01, 0.05, 0.1, 0.2, 0.5]  done=[]
[14491s] running=[0.01, 0.05, 0.1, 0.2, 0.5]  done=[]
[14521s] running=[0.01, 0.05, 0.1, 0.2, 0.5]  done=[]
[14551s] running=[0.01, 0.05, 0.1, 0.2, 0.5]  done=[]
[14581s] running=[0.01, 0.05, 0.1, 0.2, 0.5]  done=[]
[14611s] running=[0.01, 0.05, 0.1, 0.2, 0.5]  done=[]
[14641s] running=[0.01, 0.05, 0.1, 0.2, 0.5]  done=[]
[14671s] running=[0.01, 0.05, 0.1, 0.2, 0.5]  done=[]
[14701s] running=[0.01, 0.05, 0.1, 0.2, 0.5]  done=[]
[14731s] running=[0.01, 0.05, 0.1, 0.2, 0.5]  done=[]
[14761s] running=[0.01, 0.05, 0.1, 0.2, 0.5]  done=[]
[14791s] running=[0.01, 0.05, 0.1, 0.2, 0.5]  done=[]
[14821s] running=[0.01, 0.05, 0.1, 0.2, 0.5]  done=[]
[14851s] running=[0.01, 0.05, 0.1, 0.2, 0.5]  done=[]
[14881s] running=[0.01, 0.05, 0.1, 0.2, 0.5]  done=[]
[14911s] running=[0.01, 0.05, 0.1, 0.2, 0.5]  done=[]
[14941s] running=[0.01, 0.05, 0.1, 0.2, 0.5]  done=[]
[14971s] running=[0.01, 0.05, 0.1, 0.2, 0.5]  done=[]
[15001s] running=[0.01, 0.05, 0.1, 0.2, 0.5]  done=[]
[15031s] running=[0.01, 0.05, 0.1, 0.2, 0.5]  done=[]
[15061s] running=[0.01, 0.05, 0.1, 0.2, 0.5]  done=[]
[15091s] running=[0.01, 0.05, 0.1, 0.2, 0.5]  done=[]
[15121s] running=[0.01, 0.05, 0.1, 0.2, 0.5]  done=[]
[15151s] running=[0.01, 0.05, 0.1, 0.2, 0.5]  done=[]
[15181s] running=[0.01, 0.05, 0.1, 0.2, 0.5]  done=[]
[15211s] running=[0.01, 0.05, 0.1, 0.2, 0.5]  done=[]
[15241s] running=[0.01, 0.05, 0.1, 0.2, 0.5]  done=[]
[15271s] running=[0.01, 0.05, 0.1, 0.2, 0.5]  done=[]
[15301s] running=[0.01, 0.05, 0.1, 0.2, 0.5]  done=[]
[15331s] running=[0.01, 0.05, 0.1, 0.2, 0.5]  done=[]
[15361s] running=[0.01, 0.05, 0.1, 0.2, 0.5]  done=[]
[15391s] running=[0.01, 0.05, 0.1, 0.2, 0.5]  done=[]
[15421s] running=[0.01, 0.05, 0.1, 0.2, 0.5]  done=[]
[15451s] running=[0.01, 0.05, 0.1, 0.2, 0.5]  done=[]
[15481s] running=[0.01, 0.05, 0.1, 0.2, 0.5]  done=[]
[15511s] running=[0.01, 0.05, 0.1, 0.2, 0.5]  done=[]
[15541s] running=[0.01, 0.05, 0.1, 0.2, 0.5]  done=[]
[15571s] running=[0.01, 0.05, 0.1, 0.2, 0.5]  done=[]
[15601s] running=[0.01, 0.05, 0.1, 0.2, 0.5]  done=[]
[15631s] running=[0.01, 0.05, 0.1, 0.2, 0.5]  done=[]
[15661s] running=[0.01, 0.05, 0.1, 0.2, 0.5]  done=[]
[15691s] running=[0.01, 0.05, 0.1, 0.2, 0.5]  done=[]
[15721s] running=[0.01, 0.05, 0.1, 0.2, 0.5]  done=[]
[15751s] running=[0.01, 0.05, 0.1, 0.2, 0.5]  done=[]
[15781s] running=[0.01, 0.05, 0.1, 0.2, 0.5]  done=[]
[15811s] running=[0.01, 0.05, 0.1, 0.2, 0.5]  done=[]
[15841s] running=[0.01, 0.05, 0.1, 0.2, 0.5]  done=[]
[15871s] running=[0.01, 0.05, 0.1, 0.2, 0.5]  done=[]
[15901s] running=[0.01, 0.05, 0.1, 0.2, 0.5]  done=[]
[15931s] running=[0.01, 0.05, 0.1, 0.2, 0.5]  done=[]
[15961s] running=[0.01, 0.05, 0.1, 0.2, 0.5]  done=[]
[15991s] running=[0.01, 0.05, 0.1, 0.2, 0.5]  done=[]
[16021s] running=[0.01, 0.05, 0.1, 0.2, 0.5]  done=[]
[16051s] running=[0.01, 0.05, 0.1, 0.2]  done=[0.5]
[16081s] running=[0.01, 0.05, 0.1, 0.2]  done=[0.5]
[16111s] running=[0.01, 0.05, 0.1, 0.2]  done=[0.5]
[16141s] running=[0.01, 0.1]  done=[0.05, 0.2, 0.5]
[16171s] running=[0.1]  done=[0.01, 0.05, 0.2, 0.5]

All done. Total time: 16201s

======================================================================
RESULTS SUMMARY
======================================================================
      rate        result   max_streak    T_settle   recoils
  ----------------------------------------------------------------------
    0.0100   NOT_SETTLED            9        None         0
    0.0500   NOT_SETTLED           10        None         0
    0.1000   NOT_SETTLED           11        None         0
    0.2000   NOT_SETTLED            6        None         0
    0.5000   NOT_SETTLED            8        None         0

[FAIL] No stabilization across all emission rates.
  Total recoil events: 0
  Recoil mechanism may be too weak or incorrectly implemented.
  Try increasing RECOIL_STRENGTH or decreasing RECOIL_THRESHOLD.

