\BOOKMARK [1][-]{section.1}{\376\377\000I\000n\000t\000r\000o\000d\000u\000c\000t\000i\000o\000n}{}% 1
\BOOKMARK [1][-]{section.2}{\376\377\000T\000h\000e\000\040\000O\000c\000t\000a\000h\000e\000d\000r\000a\000l\000\040\000S\000u\000b\000s\000t\000r\000a\000t\000e\000\040\000\050\000T\0003\000\051}{}% 2
\BOOKMARK [2][-]{subsection.2.1}{\376\377\000N\000o\000d\000e\000s\000,\000\040\000E\000d\000g\000e\000s\000,\000\040\000a\000n\000d\000\040\000C\000a\000u\000s\000a\000l\000\040\000A\000d\000j\000a\000c\000e\000n\000c\000y}{section.2}% 3
\BOOKMARK [2][-]{subsection.2.2}{\376\377\000T\000h\000e\000\040\000B\000i\000p\000a\000r\000t\000i\000t\000e\000\040\000S\000t\000r\000u\000c\000t\000u\000r\000e\000\040\000a\000n\000d\000\040\000C\000h\000i\000r\000a\000l\000i\000t\000y}{section.2}% 4
\BOOKMARK [2][-]{subsection.2.3}{\376\377\000S\000a\000m\000e\000-\000S\000u\000b\000l\000a\000t\000t\000i\000c\000e\000\040\000E\000x\000c\000l\000u\000s\000i\000o\000n}{section.2}% 5
\BOOKMARK [2][-]{subsection.2.4}{\376\377\000T\000h\000e\000\040\000C\000a\000u\000s\000a\000l\000\040\000C\000o\000n\000e}{section.2}% 6
\BOOKMARK [2][-]{subsection.2.5}{\376\377\000C\000a\000l\000i\000b\000r\000a\000t\000i\000o\000n\000\040\000a\000n\000d\000\040\000P\000h\000y\000s\000i\000c\000a\000l\000\040\000U\000n\000i\000t\000s}{section.2}% 7
\BOOKMARK [2][-]{subsection.2.6}{\376\377\000R\000e\000l\000a\000t\000i\000o\000n\000\040\000t\000o\000\040\000P\000r\000i\000o\000r\000\040\000D\000i\000s\000c\000r\000e\000t\000e\000\040\000S\000p\000a\000c\000e\000t\000i\000m\000e\000\040\000F\000r\000a\000m\000e\000w\000o\000r\000k\000s}{section.2}% 8
\BOOKMARK [1][-]{section.3}{\376\377\000C\000a\000u\000s\000a\000l\000\040\000S\000e\000s\000s\000i\000o\000n\000s\000\040\000a\000n\000d\000\040\000t\000h\000e\000\040\000P\000h\000a\000s\000e\000\040\000O\000s\000c\000i\000l\000l\000a\000t\000o\000r}{}% 9
\BOOKMARK [2][-]{subsection.3.1}{\376\377\000T\000h\000e\000\040\000P\000h\000a\000s\000e\000\040\000O\000s\000c\000i\000l\000l\000a\000t\000o\000r\000:\000\040\000U\000\050\0001\000\051\000\040\000G\000r\000o\000u\000p\000\040\000a\000n\000d\000\040\000A\000l\000g\000e\000b\000r\000a}{section.3}% 10
\BOOKMARK [2][-]{subsection.3.2}{\376\377\000T\000h\000e\000\040\000C\000a\000u\000s\000a\000l\000\040\000S\000e\000s\000s\000i\000o\000n\000:\000\040\000S\000p\000i\000n\000o\000r\000\040\000A\000m\000p\000l\000i\000t\000u\000d\000e\000\040\000o\000n\000\040\000t\000h\000e\000\040\000L\000a\000t\000t\000i\000c\000e}{section.3}% 11
\BOOKMARK [2][-]{subsection.3.3}{\376\377\000T\000h\000e\000\040\000T\000i\000c\000k\000\040\000R\000u\000l\000e\000\040\000a\000s\000\040\000G\000a\000u\000g\000e\000\040\000T\000r\000a\000n\000s\000f\000o\000r\000m\000a\000t\000i\000o\000n}{section.3}% 12
\BOOKMARK [2][-]{subsection.3.4}{\376\377\000I\000n\000e\000r\000t\000i\000a\000\040\000a\000s\000\040\000P\000h\000a\000s\000e\000-\000G\000r\000a\000d\000i\000e\000n\000t\000\040\000S\000t\000a\000b\000i\000l\000i\000t\000y}{section.3}% 13
\BOOKMARK [1][-]{section.4}{\376\377\000T\000h\000e\000\040\000T\000i\000c\000k\000\040\000S\000c\000h\000e\000d\000u\000l\000e\000r}{}% 14
\BOOKMARK [1][-]{section.5}{\376\377\000P\000h\000a\000s\000e\000\040\000P\000r\000o\000p\000a\000g\000a\000t\000i\000o\000n\000\040\000a\000n\000d\000\040\000t\000h\000e\000\040\000U\000n\000i\000t\000y\000\040\000C\000o\000n\000s\000t\000r\000a\000i\000n\000t}{}% 15
\BOOKMARK [1][-]{section.6}{\376\377\000E\000m\000e\000r\000g\000e\000n\000t\000\040\000K\000i\000n\000e\000m\000a\000t\000i\000c\000s\000:\000\040\000M\000o\000m\000e\000n\000t\000u\000m\000\040\000a\000n\000d\000\040\000F\000o\000r\000c\000e\000\040\000i\000n\000\040\000t\000h\000e\000\040\000T\0003\000d\000\040\000M\000a\000n\000i\000f\000o\000l\000d}{}% 16
\BOOKMARK [1][-]{section.7}{\376\377\000E\000m\000e\000r\000g\000e\000n\000t\000\040\000K\000i\000n\000e\000m\000a\000t\000i\000c\000s\000\040\000o\000n\000\040\000t\000h\000e\000\040\000T\0003\000\040\000L\000a\000t\000t\000i\000c\000e}{}% 17
\BOOKMARK [2][-]{subsection.7.1}{\376\377\000T\000h\000e\000\040\000B\000i\000p\000a\000r\000t\000i\000t\000e\000\040\000V\000e\000l\000o\000c\000i\000t\000y}{section.7}% 18
\BOOKMARK [2][-]{subsection.7.2}{\376\377\000P\000h\000a\000s\000e\000\040\000G\000r\000a\000d\000i\000e\000n\000t\000\040\000a\000s\000\040\000M\000o\000m\000e\000n\000t\000u\000m}{section.7}% 19
\BOOKMARK [2][-]{subsection.7.3}{\376\377\000A\000c\000c\000e\000l\000e\000r\000a\000t\000i\000o\000n\000\040\000a\000n\000d\000\040\000F\000o\000r\000c\000e}{section.7}% 20
\BOOKMARK [2][-]{subsection.7.4}{\376\377\000T\000h\000e\000\040\000C\000o\000n\000t\000i\000n\000u\000u\000m\000\040\000L\000i\000m\000i\000t\000:\000\040\000E\000m\000e\000r\000g\000e\000n\000c\000e\000\040\000o\000f\000\040\000t\000h\000e\000\040\000D\000i\000r\000a\000c\000\040\000E\000q\000u\000a\000t\000i\000o\000n}{section.7}% 21
\BOOKMARK [1][-]{section.8}{\376\377\000G\000r\000a\000v\000i\000t\000y\000\040\000a\000s\000\040\000C\000l\000o\000c\000k\000\040\000D\000e\000n\000s\000i\000t\000y}{}% 22
\BOOKMARK [2][-]{subsection.8.1}{\376\377\000T\000h\000e\000\040\000C\000l\000o\000c\000k\000\040\000D\000e\000n\000s\000i\000t\000y\000\040\000F\000i\000e\000l\000d}{section.8}% 23
\BOOKMARK [2][-]{subsection.8.2}{\376\377\000G\000r\000a\000v\000i\000t\000a\000t\000i\000o\000n\000a\000l\000\040\000A\000t\000t\000r\000a\000c\000t\000i\000o\000n\000\040\000a\000s\000\040\000R\000e\000f\000r\000a\000c\000t\000i\000v\000e\000\040\000B\000i\000a\000s}{section.8}% 24
\BOOKMARK [2][-]{subsection.8.3}{\376\377\000T\000h\000e\000\040\000C\000o\000n\000t\000i\000n\000u\000u\000m\000\040\000L\000i\000m\000i\000t\000:\000\040\000N\000e\000w\000t\000o\000n\000i\000a\000n\000\040\000G\000r\000a\000v\000i\000t\000y}{section.8}% 25
\BOOKMARK [2][-]{subsection.8.4}{\376\377\000G\000r\000a\000v\000i\000t\000a\000t\000i\000o\000n\000a\000l\000\040\000T\000i\000m\000e\000\040\000D\000i\000l\000a\000t\000i\000o\000n\000\040\000a\000s\000\040\000S\000c\000h\000e\000d\000u\000l\000e\000r\000\040\000L\000o\000a\000d}{section.8}% 26
\BOOKMARK [2][-]{subsection.8.5}{\376\377\000C\000o\000n\000s\000e\000r\000v\000a\000t\000i\000o\000n\000\040\000o\000f\000\040\000C\000l\000o\000c\000k\000\040\000D\000e\000n\000s\000i\000t\000y}{section.8}% 27
\BOOKMARK [2][-]{subsection.8.6}{\376\377\000B\000l\000a\000c\000k\000\040\000H\000o\000l\000e\000s\000\040\000a\000s\000\040\000S\000c\000h\000e\000d\000u\000l\000e\000r\000\040\000S\000a\000t\000u\000r\000a\000t\000i\000o\000n}{section.8}% 28
\BOOKMARK [2][-]{subsection.8.7}{\376\377\000C\000o\000n\000n\000e\000c\000t\000i\000o\000n\000\040\000t\000o\000\040\000G\000e\000n\000e\000r\000a\000l\000\040\000R\000e\000l\000a\000t\000i\000v\000i\000t\000y}{section.8}% 29
\BOOKMARK [2][-]{subsection.8.8}{\376\377\000T\000h\000e\000\040\000Q\000u\000a\000n\000t\000u\000m\000\040\000R\000o\000c\000h\000e\000\040\000L\000i\000m\000i\000t}{section.8}% 30
\BOOKMARK [1][-]{section.9}{\376\377\000C\000l\000o\000c\000k\000\040\000F\000l\000u\000i\000d\000\040\000D\000y\000n\000a\000m\000i\000c\000s\000\040\000a\000n\000d\000\040\000t\000h\000e\000\040\000C\000o\000n\000t\000i\000n\000u\000u\000m\000\040\000L\000i\000m\000i\000t}{}% 31
\BOOKMARK [2][-]{subsection.9.1}{\376\377\000T\000h\000e\000\040\000G\000l\000o\000b\000a\000l\000\040\000C\000l\000o\000c\000k\000\040\000B\000u\000d\000g\000e\000t}{section.9}% 32
\BOOKMARK [2][-]{subsection.9.2}{\376\377\000T\000h\000e\000\040\000C\000o\000n\000t\000i\000n\000u\000i\000t\000y\000\040\000E\000q\000u\000a\000t\000i\000o\000n}{section.9}% 33
\BOOKMARK [2][-]{subsection.9.3}{\376\377\000T\000h\000e\000\040\000M\000o\000m\000e\000n\000t\000u\000m\000\040\000E\000q\000u\000a\000t\000i\000o\000n\000\040\000a\000n\000d\000\040\000E\000m\000e\000r\000g\000e\000n\000t\000\040\000G\000r\000a\000v\000i\000t\000y}{section.9}% 34
\BOOKMARK [2][-]{subsection.9.4}{\376\377\000T\000h\000e\000\040\000C\000l\000o\000c\000k\000\040\000F\000l\000u\000i\000d\000\040\000a\000s\000\040\000a\000\040\000C\000o\000m\000p\000r\000e\000s\000s\000i\000b\000l\000e\000\040\000S\000u\000p\000e\000r\000f\000l\000u\000i\000d}{section.9}% 35
\BOOKMARK [2][-]{subsection.9.5}{\376\377\000G\000r\000a\000v\000i\000t\000a\000t\000i\000o\000n\000a\000l\000\040\000W\000a\000v\000e\000s\000\040\000a\000s\000\040\000C\000l\000o\000c\000k\000\040\000F\000l\000u\000i\000d\000\040\000P\000h\000o\000n\000o\000n\000s}{section.9}% 36
\BOOKMARK [2][-]{subsection.9.6}{\376\377\000G\000e\000n\000e\000r\000a\000l\000\040\000R\000e\000l\000a\000t\000i\000v\000i\000t\000y\000\040\000a\000s\000\040\000t\000h\000e\000\040\000C\000o\000n\000t\000i\000n\000u\000u\000m\000\040\000L\000i\000m\000i\000t}{section.9}% 37
\BOOKMARK [2][-]{subsection.9.7}{\376\377\000B\000l\000a\000c\000k\000\040\000H\000o\000l\000e\000\040\000F\000o\000r\000m\000a\000t\000i\000o\000n\000\040\000a\000s\000\040\000a\000\040\000C\000l\000o\000c\000k\000\040\000F\000l\000u\000i\000d\000\040\000S\000h\000o\000c\000k\000\040\000W\000a\000v\000e}{section.9}% 38
\BOOKMARK [2][-]{subsection.9.8}{\376\377\000G\000r\000a\000d\000i\000e\000n\000t\000\040\000I\000o\000n\000i\000z\000a\000t\000i\000o\000n\000:\000\040\000P\000l\000a\000s\000m\000a\000\040\000a\000s\000\040\000a\000\040\000C\000l\000o\000c\000k\000\040\000F\000l\000u\000i\000d\000\040\000P\000h\000a\000s\000e}{section.9}% 39
\BOOKMARK [1][-]{section.10}{\376\377\000T\000h\000e\000\040\000V\000a\000c\000u\000u\000m\000\040\000T\000w\000i\000s\000t\000:\000\040\000G\000r\000a\000v\000i\000t\000y\000,\000\040\000E\000l\000e\000c\000t\000r\000o\000m\000a\000g\000n\000e\000t\000i\000s\000m\000,\000\040\000a\000n\000d\000\040\000t\000h\000e\000\040\000U\000n\000i\000f\000i\000e\000d\000\040\000P\000h\000a\000s\000e\000\040\000F\000i\000e\000l\000d}{}% 40
\BOOKMARK [1][-]{section.11}{\376\377\000I\000n\000t\000e\000r\000f\000e\000r\000e\000n\000c\000e\000\040\000a\000n\000d\000\040\000t\000h\000e\000\040\000H\000u\000y\000g\000e\000n\000s\000\040\000L\000a\000n\000t\000e\000r\000n}{}% 41
\BOOKMARK [1][-]{section.12}{\376\377\000T\000h\000e\000\040\000O\000b\000s\000e\000r\000v\000e\000r\000\040\000a\000s\000\040\000C\000l\000o\000c\000k}{}% 42
\BOOKMARK [1][-]{section.13}{\376\377\000T\000h\000e\000\040\000O\000b\000s\000e\000r\000v\000e\000r\000\040\000a\000s\000\040\000a\000\040\000C\000l\000o\000c\000k}{}% 43
\BOOKMARK [2][-]{subsection.13.1}{\376\377\000O\000b\000s\000e\000r\000v\000a\000t\000i\000o\000n\000\040\000a\000s\000\040\000C\000l\000o\000c\000k\000\040\000R\000e\000g\000i\000s\000t\000r\000a\000t\000i\000o\000n}{section.13}% 44
\BOOKMARK [2][-]{subsection.13.2}{\376\377\000A\000s\000y\000m\000m\000e\000t\000r\000i\000c\000\040\000P\000h\000a\000s\000e\000\040\000E\000x\000c\000h\000a\000n\000g\000e\000\040\000a\000n\000d\000\040\000A\000p\000p\000a\000r\000e\000n\000t\000\040\000C\000o\000l\000l\000a\000p\000s\000e}{section.13}% 45
\BOOKMARK [2][-]{subsection.13.3}{\376\377\000I\000r\000r\000e\000v\000e\000r\000s\000i\000b\000i\000l\000i\000t\000y\000\040\000a\000n\000d\000\040\000E\000n\000t\000r\000o\000p\000y}{section.13}% 46
\BOOKMARK [2][-]{subsection.13.4}{\376\377\000E\000n\000t\000a\000n\000g\000l\000e\000m\000e\000n\000t\000\040\000a\000s\000\040\000C\000o\000r\000r\000e\000l\000a\000t\000e\000d\000\040\000C\000o\000n\000e\000\040\000S\000t\000r\000u\000c\000t\000u\000r\000e}{section.13}% 47
\BOOKMARK [1][-]{section.14}{\376\377\000P\000a\000t\000h\000\040\000C\000o\000u\000n\000t\000i\000n\000g\000\040\000a\000n\000d\000\040\000F\000a\000l\000s\000i\000f\000i\000a\000b\000l\000e\000\040\000P\000r\000e\000d\000i\000c\000t\000i\000o\000n\000s}{}% 48
\BOOKMARK [1][-]{section.15}{\376\377\000L\000a\000t\000t\000i\000c\000e\000\040\000H\000a\000r\000m\000o\000n\000i\000c\000s\000\040\000a\000n\000d\000\040\000Q\000u\000a\000n\000t\000i\000z\000a\000t\000i\000o\000n}{}% 49
\BOOKMARK [1][-]{section.16}{\376\377\000T\000h\000e\000\040\000U\000n\000i\000v\000e\000r\000s\000e\000\040\000i\000s\000\040\000a\000\040\000F\000r\000a\000c\000t\000a\000l}{}% 50
\BOOKMARK [2][-]{subsection.16.1}{\376\377\000T\000h\000e\000\040\000T\000i\000c\000k\000\040\000R\000u\000l\000e\000\040\000i\000s\000\040\000S\000y\000m\000p\000l\000e\000c\000t\000i\000c}{section.16}% 51
\BOOKMARK [2][-]{subsection.16.2}{\376\377\000T\000h\000e\000\040\000K\000A\000M\000\040\000T\000h\000e\000o\000r\000e\000m\000\040\000F\000o\000r\000c\000e\000s\000\040\000a\000\040\000C\000a\000n\000t\000o\000r\000\040\000S\000e\000t}{section.16}% 52
\BOOKMARK [2][-]{subsection.16.3}{\376\377\000T\000h\000e\000\040\000H\000a\000u\000s\000d\000o\000r\000f\000f\000\040\000D\000i\000m\000e\000n\000s\000i\000o\000n\000\040\000i\000s\000\040\000a\000\040\000P\000r\000e\000d\000i\000c\000t\000i\000o\000n}{section.16}% 53
\BOOKMARK [2][-]{subsection.16.4}{\376\377\000T\000h\000e\000\040\000D\000e\000v\000i\000l\000'\000s\000\040\000S\000t\000a\000i\000r\000c\000a\000s\000e\000\040\000a\000n\000d\000\040\000t\000h\000e\000\040\000F\000a\000r\000e\000y\000\040\000H\000i\000e\000r\000a\000r\000c\000h\000y\000\040\000o\000f\000\040\000M\000a\000s\000s\000e\000s}{section.16}% 54
\BOOKMARK [2][-]{subsection.16.5}{\376\377\000C\000o\000n\000n\000e\000c\000t\000i\000o\000n\000\040\000t\000o\000\040\000t\000h\000e\000\040\000H\000o\000f\000s\000t\000a\000d\000t\000e\000r\000\040\000B\000u\000t\000t\000e\000r\000f\000l\000y}{section.16}% 55
\BOOKMARK [2][-]{subsection.16.6}{\376\377\000W\000h\000a\000t\000\040\000I\000t\000\040\000M\000e\000a\000n\000s\000\040\000f\000o\000r\000\040\000t\000h\000e\000\040\000U\000n\000i\000v\000e\000r\000s\000e}{section.16}% 56
\BOOKMARK [1][-]{section.17}{\376\377\000T\000h\000e\000\040\000H\000y\000d\000r\000o\000g\000e\000n\000\040\000S\000p\000e\000c\000t\000r\000u\000m\000\040\000f\000r\000o\000m\000\040\000L\000a\000t\000t\000i\000c\000e\000\040\000G\000e\000o\000m\000e\000t\000r\000y}{}% 57
\BOOKMARK [2][-]{subsection.17.1}{\376\377\000T\000h\000e\000\040\000T\000w\000o\000-\000S\000e\000s\000s\000i\000o\000n\000\040\000R\000e\000q\000u\000i\000r\000e\000m\000e\000n\000t}{section.17}% 58
\BOOKMARK [2][-]{subsection.17.2}{\376\377\000T\000h\000e\000\040\000C\000o\000u\000l\000o\000m\000b\000\040\000C\000l\000o\000c\000k\000-\000D\000e\000n\000s\000i\000t\000y\000\040\000W\000e\000l\000l}{section.17}% 59
\BOOKMARK [2][-]{subsection.17.3}{\376\377\000B\000o\000h\000r\000\040\000S\000p\000e\000c\000t\000r\000u\000m\000\040\000f\000r\000o\000m\000\040\000a\000\040\000F\000i\000x\000e\000d\000\040\000W\000e\000l\000l}{section.17}% 60
\BOOKMARK [2][-]{subsection.17.4}{\376\377\000S\000p\000o\000n\000t\000a\000n\000e\000o\000u\000s\000\040\000Q\000u\000a\000n\000t\000i\000z\000a\000t\000i\000o\000n\000\040\000a\000n\000d\000\040\000t\000h\000e\000\040\000A\000r\000n\000o\000l\000d\000\040\000T\000o\000n\000g\000u\000e}{section.17}% 61
\BOOKMARK [2][-]{subsection.17.5}{\376\377\000T\000w\000o\000-\000B\000o\000d\000y\000\040\000H\000y\000d\000r\000o\000g\000e\000n\000:\000\040\000F\000o\000u\000r\000\040\000S\000i\000g\000n\000i\000f\000i\000c\000a\000n\000t\000\040\000F\000i\000g\000u\000r\000e\000s}{section.17}% 62
\BOOKMARK [2][-]{subsection.17.6}{\376\377\000B\000i\000n\000d\000i\000n\000g\000\040\000a\000n\000d\000\040\000Q\000u\000a\000n\000t\000i\000z\000a\000t\000i\000o\000n\000\040\000a\000r\000e\000\040\000S\000e\000p\000a\000r\000a\000t\000e\000\040\000C\000o\000n\000d\000i\000t\000i\000o\000n\000s}{section.17}% 63
\BOOKMARK [2][-]{subsection.17.7}{\376\377\000P\000h\000o\000t\000o\000n\000\040\000E\000m\000i\000s\000s\000i\000o\000n\000\040\000a\000s\000\040\000a\000\040\000T\000h\000r\000e\000e\000-\000S\000e\000s\000s\000i\000o\000n\000\040\000E\000v\000e\000n\000t}{section.17}% 64
\BOOKMARK [2][-]{subsection.17.8}{\376\377\000C\000o\000n\000n\000e\000c\000t\000i\000o\000n\000\040\000t\000o\000\040\000t\000h\000e\000\040\000G\000r\000a\000v\000i\000t\000a\000t\000i\000o\000n\000a\000l\000\040\000P\000r\000o\000g\000r\000a\000m\000m\000e}{section.17}% 65
\BOOKMARK [1][-]{section.18}{\376\377\000C\000o\000n\000c\000l\000u\000s\000i\000o\000n}{}% 66
